  Execute.cpp
E:\AboutLearning\OpenGL\OpenGL\OpenGL\ShaderCompile.h(62,40): warning C4101: “e”: 未引用的局部变量
E:\AboutLearning\OpenGL\OpenGL\OpenGL\ShaderCompile.h(270,19): warning C4244: “初始化”: 从“T”转换到“int”，可能丢失数据
          with
          [
              T=float
          ]
E:\AboutLearning\OpenGL\OpenGL\OpenGL\ShaderCompile.h(270,39): warning C4244: “初始化”: 从“T”转换到“int”，可能丢失数据
          with
          [
              T=float
          ]
E:\AboutLearning\OpenGL\OpenGL\OpenGL\ShaderCompile.h(288,1): warning C4267: “参数”: 从“size_t”转换到“GLenum”，可能丢失数据
E:\AboutLearning\OpenGL\OpenGL\OpenGL\ShaderCompile.h(251,40): warning C4101: “e”: 未引用的局部变量
E:\AboutLearning\OpenGL\OpenGL\OpenGL\ShaderCompile.h(317,1): warning C4267: “参数”: 从“size_t”转换到“GLenum”，可能丢失数据
E:\AboutLearning\OpenGL\OpenGL\OpenGL\ShaderCompile.h(319,1): warning C4267: “参数”: 从“size_t”转换到“GLuint”，可能丢失数据
E:\AboutLearning\OpenGL\OpenGL\OpenGL\ShaderCompile.h(326,1): warning C4267: “参数”: 从“size_t”转换到“GLenum”，可能丢失数据
E:\AboutLearning\OpenGL\OpenGL\OpenGL\ShaderCompile.h(327,1): warning C4267: “参数”: 从“size_t”转换到“int”，可能丢失数据
E:\AboutLearning\OpenGL\OpenGL\OpenGL\ShaderCompile.h(348,62): warning C4244: “参数”: 从“T”转换到“GLuint”，可能丢失数据
          with
          [
              T=float
          ]
E:\AboutLearning\OpenGL\OpenGL\OpenGL\ShaderCompile.h(348,49): warning C4244: “参数”: 从“T”转换到“GLuint”，可能丢失数据
          with
          [
              T=float
          ]
E:\AboutLearning\OpenGL\OpenGL\OpenGL\ShaderCompile.h(348,36): warning C4244: “参数”: 从“T”转换到“GLuint”，可能丢失数据
          with
          [
              T=float
          ]
E:\AboutLearning\OpenGL\OpenGL\OpenGL\Mymath.h(12,16): warning C4244: “初始化”: 从“double”转换到“float”，可能丢失数据
E:\AboutLearning\OpenGL\OpenGL\OpenGL\WaveProcess.h(54,63): warning C4244: “初始化”: 从“double”转换到“float”，可能丢失数据
E:\AboutLearning\OpenGL\OpenGL\OpenGL\Execute.cpp(90,23): warning C4244: “+=”: 从“double”转换到“float”，可能丢失数据
E:\AboutLearning\OpenGL\OpenGL\OpenGL\Execute.cpp(91,25): warning C4244: “+=”: 从“double”转换到“float”，可能丢失数据
E:\AboutLearning\OpenGL\OpenGL\OpenGL\Execute.cpp(109,23): warning C4244: “-=”: 从“double”转换到“float”，可能丢失数据
E:\AboutLearning\OpenGL\OpenGL\OpenGL\Execute.cpp(147,24): warning C4244: “初始化”: 从“double”转换到“float”，可能丢失数据
E:\AboutLearning\OpenGL\OpenGL\OpenGL\Execute.cpp(154,24): warning C4244: “初始化”: 从“double”转换到“float”，可能丢失数据
E:\AboutLearning\OpenGL\OpenGL\OpenGL\Execute.cpp(324,47): warning C4244: “参数”: 从“double”转换到“float”，可能丢失数据
  WaveProcess.cpp
E:\AboutLearning\OpenGL\OpenGL\OpenGL\ShaderCompile.h(62,40): warning C4101: “e”: 未引用的局部变量
E:\AboutLearning\OpenGL\OpenGL\OpenGL\ShaderCompile.h(270,19): warning C4244: “初始化”: 从“T”转换到“int”，可能丢失数据
          with
          [
              T=float
          ]
E:\AboutLearning\OpenGL\OpenGL\OpenGL\ShaderCompile.h(270,39): warning C4244: “初始化”: 从“T”转换到“int”，可能丢失数据
          with
          [
              T=float
          ]
E:\AboutLearning\OpenGL\OpenGL\OpenGL\ShaderCompile.h(288,1): warning C4267: “参数”: 从“size_t”转换到“GLenum”，可能丢失数据
E:\AboutLearning\OpenGL\OpenGL\OpenGL\ShaderCompile.h(251,40): warning C4101: “e”: 未引用的局部变量
E:\AboutLearning\OpenGL\OpenGL\OpenGL\ShaderCompile.h(317,1): warning C4267: “参数”: 从“size_t”转换到“GLenum”，可能丢失数据
E:\AboutLearning\OpenGL\OpenGL\OpenGL\ShaderCompile.h(319,1): warning C4267: “参数”: 从“size_t”转换到“GLuint”，可能丢失数据
E:\AboutLearning\OpenGL\OpenGL\OpenGL\ShaderCompile.h(326,1): warning C4267: “参数”: 从“size_t”转换到“GLenum”，可能丢失数据
E:\AboutLearning\OpenGL\OpenGL\OpenGL\ShaderCompile.h(327,1): warning C4267: “参数”: 从“size_t”转换到“int”，可能丢失数据
E:\AboutLearning\OpenGL\OpenGL\OpenGL\ShaderCompile.h(348,62): warning C4244: “参数”: 从“T”转换到“GLuint”，可能丢失数据
          with
          [
              T=float
          ]
E:\AboutLearning\OpenGL\OpenGL\OpenGL\ShaderCompile.h(348,49): warning C4244: “参数”: 从“T”转换到“GLuint”，可能丢失数据
          with
          [
              T=float
          ]
E:\AboutLearning\OpenGL\OpenGL\OpenGL\ShaderCompile.h(348,36): warning C4244: “参数”: 从“T”转换到“GLuint”，可能丢失数据
          with
          [
              T=float
          ]
E:\AboutLearning\OpenGL\OpenGL\OpenGL\Mymath.h(12,16): warning C4244: “初始化”: 从“double”转换到“float”，可能丢失数据
E:\AboutLearning\OpenGL\OpenGL\OpenGL\WaveProcess.h(54,63): warning C4244: “初始化”: 从“double”转换到“float”，可能丢失数据
E:\AboutLearning\OpenGL\OpenGL\OpenGL\WaveProcess.cpp(60,59): warning C4244: “参数”: 从“float”转换到“int”，可能丢失数据
E:\AboutLearning\OpenGL\OpenGL\OpenGL\WaveProcess.cpp(60,43): warning C4244: “参数”: 从“float”转换到“int”，可能丢失数据
E:\AboutLearning\OpenGL\OpenGL\OpenGL\WaveProcess.cpp(92,34): warning C4244: “参数”: 从“float”转换到“int”，可能丢失数据
E:\AboutLearning\OpenGL\OpenGL\OpenGL\WaveProcess.cpp(95,35): warning C4244: “参数”: 从“float”转换到“int”，可能丢失数据
E:\AboutLearning\OpenGL\OpenGL\OpenGL\WaveProcess.cpp(105,47): warning C4244: “参数”: 从“float”转换到“int”，可能丢失数据
E:\AboutLearning\OpenGL\OpenGL\OpenGL\WaveProcess.cpp(105,38): warning C4244: “参数”: 从“float”转换到“int”，可能丢失数据
E:\AboutLearning\OpenGL\OpenGL\OpenGL\WaveProcess.cpp(107,48): warning C4244: “参数”: 从“float”转换到“int”，可能丢失数据
E:\AboutLearning\OpenGL\OpenGL\OpenGL\WaveProcess.cpp(107,39): warning C4244: “参数”: 从“float”转换到“int”，可能丢失数据
E:\AboutLearning\OpenGL\OpenGL\OpenGL\WaveProcess.cpp(109,35): warning C4244: “参数”: 从“float”转换到“int”，可能丢失数据
E:\AboutLearning\OpenGL\OpenGL\OpenGL\WaveProcess.cpp(133,38): warning C4244: “=”: 从“double”转换到“float”，可能丢失数据
E:\AboutLearning\OpenGL\OpenGL\OpenGL\WaveProcess.cpp(208,47): warning C4244: “参数”: 从“float”转换到“int”，可能丢失数据
E:\AboutLearning\OpenGL\OpenGL\OpenGL\WaveProcess.cpp(210,47): warning C4244: “参数”: 从“float”转换到“int”，可能丢失数据
E:\AboutLearning\OpenGL\OpenGL\OpenGL\WaveProcess.cpp(262,31): warning C4244: “=”: 从“double”转换到“float”，可能丢失数据
E:\AboutLearning\OpenGL\OpenGL\OpenGL\WaveProcess.cpp(264,30): warning C4244: “=”: 从“double”转换到“float”，可能丢失数据
E:\AboutLearning\OpenGL\OpenGL\OpenGL\WaveProcess.cpp(266,30): warning C4244: “=”: 从“double”转换到“float”，可能丢失数据
E:\AboutLearning\OpenGL\OpenGL\OpenGL\WaveProcess.cpp(268,31): warning C4244: “=”: 从“double”转换到“float”，可能丢失数据
E:\AboutLearning\OpenGL\OpenGL\OpenGL\WaveProcess.cpp(270,31): warning C4244: “=”: 从“double”转换到“float”，可能丢失数据
E:\AboutLearning\OpenGL\OpenGL\OpenGL\WaveProcess.cpp(287,38): warning C4244: “参数”: 从“float”转换到“int”，可能丢失数据
E:\AboutLearning\OpenGL\OpenGL\OpenGL\WaveProcess.cpp(290,39): warning C4244: “参数”: 从“float”转换到“int”，可能丢失数据
E:\AboutLearning\OpenGL\OpenGL\OpenGL\WaveProcess.cpp(304,23): warning C4244: “初始化”: 从“int”转换到“float”，可能丢失数据
E:\AboutLearning\OpenGL\OpenGL\OpenGL\WaveProcess.cpp(305,24): warning C4244: “初始化”: 从“int”转换到“float”，可能丢失数据
E:\AboutLearning\OpenGL\OpenGL\OpenGL\WaveProcess.cpp(322,44): warning C4244: “参数”: 从“double”转换到“T”，可能丢失数据
          with
          [
              T=float
          ]
E:\AboutLearning\OpenGL\OpenGL\OpenGL\WaveProcess.cpp(382,19): warning C4244: “初始化”: 从“double”转换到“int”，可能丢失数据
E:\AboutLearning\OpenGL\OpenGL\OpenGL\WaveProcess.cpp(383,20): warning C4244: “初始化”: 从“double”转换到“int”，可能丢失数据
E:\AboutLearning\OpenGL\OpenGL\OpenGL\WaveProcess.cpp(414,19): warning C4244: “初始化”: 从“double”转换到“int”，可能丢失数据
E:\AboutLearning\OpenGL\OpenGL\OpenGL\WaveProcess.cpp(415,20): warning C4244: “初始化”: 从“double”转换到“int”，可能丢失数据
E:\AboutLearning\OpenGL\OpenGL\OpenGL\WaveProcess.cpp(558,45): warning C4244: “参数”: 从“float”转换到“const unsigned __int64”，可能丢失数据
E:\AboutLearning\OpenGL\OpenGL\OpenGL\WaveProcess.cpp(560,46): warning C4244: “参数”: 从“float”转换到“const unsigned __int64”，可能丢失数据
E:\AboutLearning\OpenGL\OpenGL\OpenGL\WaveProcess.cpp(587,95): warning C4244: “=”: 从“double”转换到“_Ty”，可能丢失数据
          with
          [
              _Ty=float
          ]
E:\AboutLearning\OpenGL\OpenGL\OpenGL\WaveProcess.cpp(588,95): warning C4244: “=”: 从“double”转换到“_Ty”，可能丢失数据
          with
          [
              _Ty=float
          ]
E:\AboutLearning\OpenGL\OpenGL\OpenGL\WaveProcess.cpp(682,41): warning C4244: “参数”: 从“int”转换到“float”，可能丢失数据
E:\AboutLearning\OpenGL\OpenGL\OpenGL\WaveProcess.cpp(698,41): warning C4244: “参数”: 从“int”转换到“float”，可能丢失数据
E:\AboutLearning\OpenGL\OpenGL\OpenGL\WaveProcess.cpp(716,51): warning C4244: “参数”: 从“float”转换到“int”，可能丢失数据
E:\AboutLearning\OpenGL\OpenGL\OpenGL\WaveProcess.cpp(1149,24): warning C4244: “初始化”: 从“double”转换到“float”，可能丢失数据
  正在生成代码...
  OpenGL.vcxproj -> E:\AboutLearning\OpenGL\OpenGL\x64\Debug\OpenGL.exe
